<?xml version="1.0" encoding="UTF-8"?>
<!-- Generated by org.testng.reporters.JUnitReportReporter -->
<testsuite skipped="0" hostname="DESKTOP-8DUI1RP" name="projectpackage1.testproject.proj1" tests="2" failures="0" timestamp="19 Aug 2019 10:21:59 GMT" time="0.023" errors="0">
  <testcase name="method1" time="0.015" classname="projectpackage1.testproject.proj1"/>
  <testcase name="method2" time="0.008" classname="projectpackage1.testproject.proj1"/>
</testsuite> <!-- projectpackage1.testproject.proj1 -->
