<?xml version="1.0" encoding="UTF-8"?>
<!-- Generated by org.testng.reporters.JUnitReportReporter -->
<testsuite skipped="0" hostname="DESKTOP-8DUI1RP" name="projectpackage1.testproject.Proj1Test" tests="2" failures="0" timestamp="19 Aug 2019 12:51:49 GMT" time="0.014" errors="0">
  <testcase name="method2" time="0.000" classname="projectpackage1.testproject.Proj1Test"/>
  <testcase name="method1" time="0.014" classname="projectpackage1.testproject.Proj1Test"/>
</testsuite> <!-- projectpackage1.testproject.Proj1Test -->
