<?xml version="1.0" encoding="UTF-8"?>
<!-- Generated by org.testng.reporters.JUnitReportReporter -->
<testsuite skipped="0" hostname="DESKTOP-8DUI1RP" name="projectpackage1.testproject.Proj3Test" tests="2" failures="0" timestamp="19 Aug 2019 12:51:49 GMT" time="0.000" errors="0">
  <testcase name="method5" time="0.000" classname="projectpackage1.testproject.Proj3Test"/>
  <testcase name="method6" time="0.000" classname="projectpackage1.testproject.Proj3Test"/>
</testsuite> <!-- projectpackage1.testproject.Proj3Test -->
