<?xml version="1.0" encoding="UTF-8"?>
<!-- Generated by org.testng.reporters.JUnitReportReporter -->
<testsuite skipped="0" hostname="DESKTOP-8DUI1RP" name="projectpackage1.testproject.Proj2Test" tests="2" failures="0" timestamp="19 Aug 2019 12:50:07 GMT" time="0.002" errors="0">
  <testcase name="method4" time="0.001" classname="projectpackage1.testproject.Proj2Test"/>
  <testcase name="method3" time="0.001" classname="projectpackage1.testproject.Proj2Test"/>
</testsuite> <!-- projectpackage1.testproject.Proj2Test -->
